2025-12-09 15:42:50.113 [main] INFO  com.partner.PartnerApplication-Starting PartnerApplication using Java 17.0.11 with PID 18476 (E:\IDEFiles\IDEAFiles\companion\partner\target\classes started by 13081 in E:\IDEFiles\IDEAFiles\companion)
2025-12-09 15:42:50.114 [main] INFO  com.partner.PartnerApplication-No active profile set, falling back to 1 default profile: "default"
2025-12-09 15:42:50.730 [main] INFO  org.springframework.boot.tomcat.TomcatWebServer-Tomcat initialized with port 8080 (http)
2025-12-09 15:42:50.740 [main] INFO  org.apache.coyote.http11.Http11NioProtocol-Initializing ProtocolHandler ["http-nio-8080"]
2025-12-09 15:42:50.741 [main] INFO  org.apache.catalina.core.StandardService-Starting service [Tomcat]
2025-12-09 15:42:50.742 [main] INFO  org.apache.catalina.core.StandardEngine-Starting Servlet engine: [Apache Tomcat/11.0.14]
2025-12-09 15:42:50.780 [main] INFO  o.s.b.w.c.servlet.WebApplicationContextInitializer-Root WebApplicationContext: initialization completed in 638 ms
2025-12-09 15:42:51.272 [main] INFO  org.apache.coyote.http11.Http11NioProtocol-Starting ProtocolHandler ["http-nio-8080"]
2025-12-09 15:42:51.287 [main] INFO  org.springframework.boot.tomcat.TomcatWebServer-Tomcat started on port 8080 (http) with context path '/'
2025-12-09 15:42:51.291 [main] INFO  com.partner.PartnerApplication-Started PartnerApplication in 1.481 seconds (process running for 2.174)
2025-12-09 15:43:12.398 [http-nio-8080-exec-2] INFO  o.a.c.core.ContainerBase.[Tomcat].[localhost].[/]-Initializing Spring DispatcherServlet 'dispatcherServlet'
2025-12-09 15:43:12.398 [http-nio-8080-exec-2] INFO  org.springframework.web.servlet.DispatcherServlet-Initializing Servlet 'dispatcherServlet'
2025-12-09 15:43:12.399 [http-nio-8080-exec-2] INFO  org.springframework.web.servlet.DispatcherServlet-Completed initialization in 1 ms
2025-12-09 15:43:12.499 [http-nio-8080-exec-2] INFO  com.partner.controller.ClientController-用户登录: 221210400121
2025-12-09 15:43:12.505 [http-nio-8080-exec-2] INFO  com.zaxxer.hikari.HikariDataSource-HikariCP - Starting...
2025-12-09 15:43:12.703 [http-nio-8080-exec-2] INFO  com.zaxxer.hikari.pool.HikariPool-HikariCP - Added connection com.mysql.cj.jdbc.ConnectionImpl@71b138e7
2025-12-09 15:43:12.705 [http-nio-8080-exec-2] INFO  com.zaxxer.hikari.HikariDataSource-HikariCP - Start completed.
2025-12-09 15:44:23.693 [http-nio-8080-exec-5] INFO  com.partner.controller.ClientController-查询成绩: 221210400121
2025-12-09 15:44:23.701 [http-nio-8080-exec-5] ERROR com.partner.controller.ClientController-成绩查询失败
java.lang.IllegalArgumentException: Session 失效
	at com.partner.service.ScoreService.fetchScoreJson(ScoreService.java:51)
	at com.partner.service.ScoreService.syncScores(ScoreService.java:39)
	at java.base/jdk.internal.reflect.NativeMethodAccessorImpl.invoke0(Native Method)
	at java.base/jdk.internal.reflect.NativeMethodAccessorImpl.invoke(NativeMethodAccessorImpl.java:77)
	at java.base/jdk.internal.reflect.DelegatingMethodAccessorImpl.invoke(DelegatingMethodAccessorImpl.java:43)
	at java.base/java.lang.reflect.Method.invoke(Method.java:568)
	at org.springframework.aop.support.AopUtils.invokeJoinpointUsingReflection(AopUtils.java:359)
	at org.springframework.aop.framework.ReflectiveMethodInvocation.invokeJoinpoint(ReflectiveMethodInvocation.java:190)
	at org.springframework.aop.framework.ReflectiveMethodInvocation.proceed(ReflectiveMethodInvocation.java:158)
	at org.springframework.transaction.interceptor.TransactionAspectSupport.invokeWithinTransaction(TransactionAspectSupport.java:370)
	at org.springframework.transaction.interceptor.TransactionInterceptor.invoke(TransactionInterceptor.java:118)
	at org.springframework.aop.framework.ReflectiveMethodInvocation.proceed(ReflectiveMethodInvocation.java:179)
	at org.springframework.aop.framework.CglibAopProxy$DynamicAdvisedInterceptor.intercept(CglibAopProxy.java:719)
	at com.partner.service.ScoreService$$SpringCGLIB$$0.syncScores(<generated>)
	at com.partner.controller.ClientController.queryScore(ClientController.java:48)
	at java.base/jdk.internal.reflect.NativeMethodAccessorImpl.invoke0(Native Method)
	at java.base/jdk.internal.reflect.NativeMethodAccessorImpl.invoke(NativeMethodAccessorImpl.java:77)
	at java.base/jdk.internal.reflect.DelegatingMethodAccessorImpl.invoke(DelegatingMethodAccessorImpl.java:43)
	at java.base/java.lang.reflect.Method.invoke(Method.java:568)
	at org.springframework.web.method.support.InvocableHandlerMethod.doInvoke(InvocableHandlerMethod.java:258)
	at org.springframework.web.method.support.InvocableHandlerMethod.invokeForRequest(InvocableHandlerMethod.java:190)
	at org.springframework.web.servlet.mvc.method.annotation.ServletInvocableHandlerMethod.invokeAndHandle(ServletInvocableHandlerMethod.java:117)
	at org.springframework.web.servlet.mvc.method.annotation.RequestMappingHandlerAdapter.invokeHandlerMethod(RequestMappingHandlerAdapter.java:934)
	at org.springframework.web.servlet.mvc.method.annotation.RequestMappingHandlerAdapter.handleInternal(RequestMappingHandlerAdapter.java:853)
	at org.springframework.web.servlet.mvc.method.AbstractHandlerMethodAdapter.handle(AbstractHandlerMethodAdapter.java:86)
	at org.springframework.web.servlet.DispatcherServlet.doDispatch(DispatcherServlet.java:963)
	at org.springframework.web.servlet.DispatcherServlet.doService(DispatcherServlet.java:866)
	at org.springframework.web.servlet.FrameworkServlet.processRequest(FrameworkServlet.java:1003)
	at org.springframework.web.servlet.FrameworkServlet.doPost(FrameworkServlet.java:903)
	at jakarta.servlet.http.HttpServlet.service(HttpServlet.java:649)
	at org.springframework.web.servlet.FrameworkServlet.service(FrameworkServlet.java:874)
	at jakarta.servlet.http.HttpServlet.service(HttpServlet.java:710)
	at org.apache.catalina.core.ApplicationFilterChain.doFilter(ApplicationFilterChain.java:128)
	at org.apache.tomcat.websocket.server.WsFilter.doFilter(WsFilter.java:53)
	at org.apache.catalina.core.ApplicationFilterChain.doFilter(ApplicationFilterChain.java:107)
	at org.springframework.web.filter.RequestContextFilter.doFilterInternal(RequestContextFilter.java:100)
	at org.springframework.web.filter.OncePerRequestFilter.doFilter(OncePerRequestFilter.java:116)
	at org.apache.catalina.core.ApplicationFilterChain.doFilter(ApplicationFilterChain.java:107)
	at org.springframework.web.filter.FormContentFilter.doFilterInternal(FormContentFilter.java:93)
	at org.springframework.web.filter.OncePerRequestFilter.doFilter(OncePerRequestFilter.java:116)
	at org.apache.catalina.core.ApplicationFilterChain.doFilter(ApplicationFilterChain.java:107)
	at org.springframework.web.filter.CharacterEncodingFilter.doFilterInternal(CharacterEncodingFilter.java:199)
	at org.springframework.web.filter.OncePerRequestFilter.doFilter(OncePerRequestFilter.java:116)
	at org.apache.catalina.core.ApplicationFilterChain.doFilter(ApplicationFilterChain.java:107)
	at org.apache.catalina.core.StandardWrapperValve.invoke(StandardWrapperValve.java:165)
	at org.apache.catalina.core.StandardContextValve.invoke(StandardContextValve.java:77)
	at org.apache.catalina.authenticator.AuthenticatorBase.invoke(AuthenticatorBase.java:482)
	at org.apache.catalina.core.StandardHostValve.invoke(StandardHostValve.java:113)
	at org.apache.catalina.valves.ErrorReportValve.invoke(ErrorReportValve.java:83)
	at org.apache.catalina.core.StandardEngineValve.invoke(StandardEngineValve.java:72)
	at org.apache.catalina.connector.CoyoteAdapter.service(CoyoteAdapter.java:341)
	at org.apache.coyote.http11.Http11Processor.service(Http11Processor.java:397)
	at org.apache.coyote.AbstractProcessorLight.process(AbstractProcessorLight.java:63)
	at org.apache.coyote.AbstractProtocol$ConnectionHandler.process(AbstractProtocol.java:903)
	at org.apache.tomcat.util.net.NioEndpoint$SocketProcessor.doRun(NioEndpoint.java:1778)
	at org.apache.tomcat.util.net.SocketProcessorBase.run(SocketProcessorBase.java:52)
	at org.apache.tomcat.util.threads.ThreadPoolExecutor.runWorker(ThreadPoolExecutor.java:946)
	at org.apache.tomcat.util.threads.ThreadPoolExecutor$Worker.run(ThreadPoolExecutor.java:480)
	at org.apache.tomcat.util.threads.TaskThread$WrappingRunnable.run(TaskThread.java:57)
	at java.base/java.lang.Thread.run(Thread.java:842)
2025-12-09 15:44:30.247 [http-nio-8080-exec-6] INFO  com.partner.controller.ClientController-查询成绩: 221210400121
2025-12-09 15:44:30.254 [http-nio-8080-exec-6] ERROR com.partner.controller.ClientController-成绩查询失败
java.lang.IllegalArgumentException: Session 失效
	at com.partner.service.ScoreService.fetchScoreJson(ScoreService.java:51)
	at com.partner.service.ScoreService.syncScores(ScoreService.java:39)
	at java.base/jdk.internal.reflect.NativeMethodAccessorImpl.invoke0(Native Method)
	at java.base/jdk.internal.reflect.NativeMethodAccessorImpl.invoke(NativeMethodAccessorImpl.java:77)
	at java.base/jdk.internal.reflect.DelegatingMethodAccessorImpl.invoke(DelegatingMethodAccessorImpl.java:43)
	at java.base/java.lang.reflect.Method.invoke(Method.java:568)
	at org.springframework.aop.support.AopUtils.invokeJoinpointUsingReflection(AopUtils.java:359)
	at org.springframework.aop.framework.ReflectiveMethodInvocation.invokeJoinpoint(ReflectiveMethodInvocation.java:190)
	at org.springframework.aop.framework.ReflectiveMethodInvocation.proceed(ReflectiveMethodInvocation.java:158)
	at org.springframework.transaction.interceptor.TransactionAspectSupport.invokeWithinTransaction(TransactionAspectSupport.java:370)
	at org.springframework.transaction.interceptor.TransactionInterceptor.invoke(TransactionInterceptor.java:118)
	at org.springframework.aop.framework.ReflectiveMethodInvocation.proceed(ReflectiveMethodInvocation.java:179)
	at org.springframework.aop.framework.CglibAopProxy$DynamicAdvisedInterceptor.intercept(CglibAopProxy.java:719)
	at com.partner.service.ScoreService$$SpringCGLIB$$0.syncScores(<generated>)
	at com.partner.controller.ClientController.queryScore(ClientController.java:48)
	at java.base/jdk.internal.reflect.NativeMethodAccessorImpl.invoke0(Native Method)
	at java.base/jdk.internal.reflect.NativeMethodAccessorImpl.invoke(NativeMethodAccessorImpl.java:77)
	at java.base/jdk.internal.reflect.DelegatingMethodAccessorImpl.invoke(DelegatingMethodAccessorImpl.java:43)
	at java.base/java.lang.reflect.Method.invoke(Method.java:568)
	at org.springframework.web.method.support.InvocableHandlerMethod.doInvoke(InvocableHandlerMethod.java:258)
	at org.springframework.web.method.support.InvocableHandlerMethod.invokeForRequest(InvocableHandlerMethod.java:190)
	at org.springframework.web.servlet.mvc.method.annotation.ServletInvocableHandlerMethod.invokeAndHandle(ServletInvocableHandlerMethod.java:117)
	at org.springframework.web.servlet.mvc.method.annotation.RequestMappingHandlerAdapter.invokeHandlerMethod(RequestMappingHandlerAdapter.java:934)
	at org.springframework.web.servlet.mvc.method.annotation.RequestMappingHandlerAdapter.handleInternal(RequestMappingHandlerAdapter.java:853)
	at org.springframework.web.servlet.mvc.method.AbstractHandlerMethodAdapter.handle(AbstractHandlerMethodAdapter.java:86)
	at org.springframework.web.servlet.DispatcherServlet.doDispatch(DispatcherServlet.java:963)
	at org.springframework.web.servlet.DispatcherServlet.doService(DispatcherServlet.java:866)
	at org.springframework.web.servlet.FrameworkServlet.processRequest(FrameworkServlet.java:1003)
	at org.springframework.web.servlet.FrameworkServlet.doPost(FrameworkServlet.java:903)
	at jakarta.servlet.http.HttpServlet.service(HttpServlet.java:649)
	at org.springframework.web.servlet.FrameworkServlet.service(FrameworkServlet.java:874)
	at jakarta.servlet.http.HttpServlet.service(HttpServlet.java:710)
	at org.apache.catalina.core.ApplicationFilterChain.doFilter(ApplicationFilterChain.java:128)
	at org.apache.tomcat.websocket.server.WsFilter.doFilter(WsFilter.java:53)
	at org.apache.catalina.core.ApplicationFilterChain.doFilter(ApplicationFilterChain.java:107)
	at org.springframework.web.filter.RequestContextFilter.doFilterInternal(RequestContextFilter.java:100)
	at org.springframework.web.filter.OncePerRequestFilter.doFilter(OncePerRequestFilter.java:116)
	at org.apache.catalina.core.ApplicationFilterChain.doFilter(ApplicationFilterChain.java:107)
	at org.springframework.web.filter.FormContentFilter.doFilterInternal(FormContentFilter.java:93)
	at org.springframework.web.filter.OncePerRequestFilter.doFilter(OncePerRequestFilter.java:116)
	at org.apache.catalina.core.ApplicationFilterChain.doFilter(ApplicationFilterChain.java:107)
	at org.springframework.web.filter.CharacterEncodingFilter.doFilterInternal(CharacterEncodingFilter.java:199)
	at org.springframework.web.filter.OncePerRequestFilter.doFilter(OncePerRequestFilter.java:116)
	at org.apache.catalina.core.ApplicationFilterChain.doFilter(ApplicationFilterChain.java:107)
	at org.apache.catalina.core.StandardWrapperValve.invoke(StandardWrapperValve.java:165)
	at org.apache.catalina.core.StandardContextValve.invoke(StandardContextValve.java:77)
	at org.apache.catalina.authenticator.AuthenticatorBase.invoke(AuthenticatorBase.java:482)
	at org.apache.catalina.core.StandardHostValve.invoke(StandardHostValve.java:113)
	at org.apache.catalina.valves.ErrorReportValve.invoke(ErrorReportValve.java:83)
	at org.apache.catalina.core.StandardEngineValve.invoke(StandardEngineValve.java:72)
	at org.apache.catalina.connector.CoyoteAdapter.service(CoyoteAdapter.java:341)
	at org.apache.coyote.http11.Http11Processor.service(Http11Processor.java:397)
	at org.apache.coyote.AbstractProcessorLight.process(AbstractProcessorLight.java:63)
	at org.apache.coyote.AbstractProtocol$ConnectionHandler.process(AbstractProtocol.java:903)
	at org.apache.tomcat.util.net.NioEndpoint$SocketProcessor.doRun(NioEndpoint.java:1778)
	at org.apache.tomcat.util.net.SocketProcessorBase.run(SocketProcessorBase.java:52)
	at org.apache.tomcat.util.threads.ThreadPoolExecutor.runWorker(ThreadPoolExecutor.java:946)
	at org.apache.tomcat.util.threads.ThreadPoolExecutor$Worker.run(ThreadPoolExecutor.java:480)
	at org.apache.tomcat.util.threads.TaskThread$WrappingRunnable.run(TaskThread.java:57)
	at java.base/java.lang.Thread.run(Thread.java:842)
2025-12-09 15:46:58.415 [http-nio-8080-exec-8] INFO  com.partner.controller.ClientController-查询成绩: 221210400121
2025-12-09 15:47:42.323 [http-nio-8080-exec-9] INFO  com.partner.controller.ClientController-查询成绩: 221210400121
2025-12-09 15:48:42.021 [http-nio-8080-exec-1] WARN  o.s.w.s.m.support.DefaultHandlerExceptionResolver-Resolved [org.springframework.web.HttpRequestMethodNotSupportedException: Request method 'GET' is not supported]
2025-12-09 15:49:04.974 [http-nio-8080-exec-2] INFO  com.partner.controller.ClientController-查询课表: 221210400121
2025-12-09 15:49:20.268 [http-nio-8080-exec-3] INFO  com.partner.controller.ClientController-查询课表: 221210400121
2025-12-09 15:49:26.970 [http-nio-8080-exec-4] INFO  com.partner.controller.ClientController-查询课表: 221210400121
2025-12-09 16:21:46.021 [SpringApplicationShutdownHook] INFO  org.springframework.boot.tomcat.GracefulShutdown-Commencing graceful shutdown. Waiting for active requests to complete
2025-12-09 16:21:46.415 [tomcat-shutdown] INFO  org.springframework.boot.tomcat.GracefulShutdown-Graceful shutdown complete
2025-12-09 16:21:46.422 [SpringApplicationShutdownHook] INFO  com.zaxxer.hikari.HikariDataSource-HikariCP - Shutdown initiated...
2025-12-09 16:21:46.424 [SpringApplicationShutdownHook] INFO  com.zaxxer.hikari.HikariDataSource-HikariCP - Shutdown completed.
2025-12-09 16:21:53.105 [main] INFO  com.partner.PartnerApplication-Starting PartnerApplication using Java 17.0.11 with PID 38920 (E:\IDEFiles\IDEAFiles\companion\partner\target\classes started by 13081 in E:\IDEFiles\IDEAFiles\companion)
2025-12-09 16:21:53.107 [main] INFO  com.partner.PartnerApplication-No active profile set, falling back to 1 default profile: "default"
2025-12-09 16:21:53.642 [main] INFO  org.springframework.boot.tomcat.TomcatWebServer-Tomcat initialized with port 8080 (http)
2025-12-09 16:21:53.649 [main] INFO  org.apache.coyote.http11.Http11NioProtocol-Initializing ProtocolHandler ["http-nio-8080"]
2025-12-09 16:21:53.650 [main] INFO  org.apache.catalina.core.StandardService-Starting service [Tomcat]
2025-12-09 16:21:53.650 [main] INFO  org.apache.catalina.core.StandardEngine-Starting Servlet engine: [Apache Tomcat/11.0.14]
2025-12-09 16:21:53.683 [main] INFO  o.s.b.w.c.servlet.WebApplicationContextInitializer-Root WebApplicationContext: initialization completed in 552 ms
2025-12-09 16:21:54.062 [main] INFO  org.apache.coyote.http11.Http11NioProtocol-Starting ProtocolHandler ["http-nio-8080"]
2025-12-09 16:21:54.076 [main] INFO  org.springframework.boot.tomcat.TomcatWebServer-Tomcat started on port 8080 (http) with context path '/'
2025-12-09 16:21:54.080 [main] INFO  com.partner.PartnerApplication-Started PartnerApplication in 1.212 seconds (process running for 1.779)
2025-12-09 16:22:04.653 [http-nio-8080-exec-5] INFO  o.a.c.core.ContainerBase.[Tomcat].[localhost].[/]-Initializing Spring DispatcherServlet 'dispatcherServlet'
2025-12-09 16:22:04.653 [http-nio-8080-exec-5] INFO  org.springframework.web.servlet.DispatcherServlet-Initializing Servlet 'dispatcherServlet'
2025-12-09 16:22:04.655 [http-nio-8080-exec-5] INFO  org.springframework.web.servlet.DispatcherServlet-Completed initialization in 2 ms
2025-12-09 16:22:04.721 [http-nio-8080-exec-5] INFO  com.partner.controller.ClientController-查询课表: 221210400121
2025-12-09 16:22:04.726 [http-nio-8080-exec-5] INFO  com.zaxxer.hikari.HikariDataSource-HikariCP - Starting...
2025-12-09 16:22:04.866 [http-nio-8080-exec-5] INFO  com.zaxxer.hikari.pool.HikariPool-HikariCP - Added connection com.mysql.cj.jdbc.ConnectionImpl@6550370f
2025-12-09 16:22:04.868 [http-nio-8080-exec-5] INFO  com.zaxxer.hikari.HikariDataSource-HikariCP - Start completed.
2025-12-09 16:22:04.925 [http-nio-8080-exec-5] INFO  com.partner.service.CurriculumService-数据库无数据，开始爬取课表: 221210400121
2025-12-09 16:22:05.548 [http-nio-8080-exec-5] INFO  com.partner.service.CurriculumService-已将 3 条课表数据存入数据库
2025-12-09 16:22:36.340 [http-nio-8080-exec-8] INFO  com.partner.controller.ClientController-查询课表: 221210400121
2025-12-09 16:22:36.353 [http-nio-8080-exec-8] INFO  com.partner.service.CurriculumService-从数据库命中课表数据: 学号=221210400121, 学年=2024, 学期=12
2025-12-09 16:23:11.777 [http-nio-8080-exec-10] INFO  com.partner.controller.ClientController-查询课表: 221210400121
2025-12-09 16:23:11.785 [http-nio-8080-exec-10] INFO  com.partner.service.CurriculumService-从数据库命中课表数据: 学号=221210400121, 学年=2024, 学期=12
